2022-06-05 11:02:10.684 +06:00 [INF] Application Starting up
2022-06-05 11:02:39.822 +06:00 [INF] Application Starting up
2022-06-05 11:03:25.037 +06:00 [INF] Application Starting up
2022-06-05 13:22:05.085 +06:00 [INF] Application Starting up
2022-06-05 13:25:37.988 +06:00 [INF] Application Starting up
2022-06-05 13:29:34.185 +06:00 [INF] Application Starting up
2022-06-05 13:30:26.474 +06:00 [INF] Application Starting up
2022-06-05 13:32:47.103 +06:00 [INF] Application Starting up
2022-06-05 13:33:00.468 +06:00 [ERR] An unhandled exception has occurred while executing the request.
System.InvalidOperationException: A second operation was started on this context before a previous operation completed. This is usually caused by different threads concurrently using the same instance of DbContext. For more information on how to avoid threading issues with DbContext, see https://go.microsoft.com/fwlink/?linkid=2097913.
   at Microsoft.EntityFrameworkCore.Internal.ConcurrencyDetector.EnterCriticalSection()
   at Microsoft.EntityFrameworkCore.Query.Internal.SingleQueryingEnumerable`1.Enumerator.MoveNext()
   at System.Collections.Generic.List`1..ctor(IEnumerable`1 collection)
   at System.Linq.Enumerable.ToList[TSource](IEnumerable`1 source)
   at SocialNetworkWebApp2.Data.Repository`2.GetAll() in F:\Practice of Full CRUD\SocialNetworkWebApp2\SocialNetworkWebApp2.Data\Repository.cs:line 87
   at SocialNetworkWebApp2.Training.Services.MemberService.GetAllMembersData() in F:\Practice of Full CRUD\SocialNetworkWebApp2\SocialNetworkWebApp2.Training\Services\MemberService.cs:line 36
   at SocialNetworkWebApp2.Areas.Admin.Models.MemberListModel.LoadMemberData() in F:\Practice of Full CRUD\SocialNetworkWebApp2\SocialNetworkWebApp2\Areas\Admin\Models\MemberListModel.cs:line 30
   at SocialNetworkWebApp2.Areas.Admin.Controllers.MemberController.ShowAllMember() in F:\Practice of Full CRUD\SocialNetworkWebApp2\SocialNetworkWebApp2\Areas\Admin\Controllers\MemberController.cs:line 27
   at lambda_method502(Closure , Object , Object[] )
   at Microsoft.AspNetCore.Mvc.Infrastructure.ActionMethodExecutor.SyncActionResultExecutor.Execute(IActionResultTypeMapper mapper, ObjectMethodExecutor executor, Object controller, Object[] arguments)
   at Microsoft.AspNetCore.Mvc.Infrastructure.ControllerActionInvoker.InvokeActionMethodAsync()
   at Microsoft.AspNetCore.Mvc.Infrastructure.ControllerActionInvoker.Next(State& next, Scope& scope, Object& state, Boolean& isCompleted)
   at Microsoft.AspNetCore.Mvc.Infrastructure.ControllerActionInvoker.InvokeNextActionFilterAsync()
--- End of stack trace from previous location ---
   at Microsoft.AspNetCore.Mvc.Infrastructure.ControllerActionInvoker.Rethrow(ActionExecutedContextSealed context)
   at Microsoft.AspNetCore.Mvc.Infrastructure.ControllerActionInvoker.Next(State& next, Scope& scope, Object& state, Boolean& isCompleted)
   at Microsoft.AspNetCore.Mvc.Infrastructure.ControllerActionInvoker.InvokeInnerFilterAsync()
--- End of stack trace from previous location ---
   at Microsoft.AspNetCore.Mvc.Infrastructure.ResourceInvoker.<InvokeNextResourceFilter>g__Awaited|24_0(ResourceInvoker invoker, Task lastTask, State next, Scope scope, Object state, Boolean isCompleted)
   at Microsoft.AspNetCore.Mvc.Infrastructure.ResourceInvoker.Rethrow(ResourceExecutedContextSealed context)
   at Microsoft.AspNetCore.Mvc.Infrastructure.ResourceInvoker.Next(State& next, Scope& scope, Object& state, Boolean& isCompleted)
   at Microsoft.AspNetCore.Mvc.Infrastructure.ResourceInvoker.InvokeFilterPipelineAsync()
--- End of stack trace from previous location ---
   at Microsoft.AspNetCore.Mvc.Infrastructure.ResourceInvoker.<InvokeAsync>g__Awaited|17_0(ResourceInvoker invoker, Task task, IDisposable scope)
   at Microsoft.AspNetCore.Routing.EndpointMiddleware.<Invoke>g__AwaitRequestTask|6_0(Endpoint endpoint, Task requestTask, ILogger logger)
   at Microsoft.AspNetCore.Session.SessionMiddleware.Invoke(HttpContext context)
   at Microsoft.AspNetCore.Session.SessionMiddleware.Invoke(HttpContext context)
   at Microsoft.AspNetCore.Authorization.AuthorizationMiddleware.Invoke(HttpContext context)
   at Microsoft.AspNetCore.Authentication.AuthenticationMiddleware.Invoke(HttpContext context)
   at Microsoft.AspNetCore.Diagnostics.EntityFrameworkCore.MigrationsEndPointMiddleware.Invoke(HttpContext context)
   at Microsoft.AspNetCore.Diagnostics.DeveloperExceptionPageMiddleware.Invoke(HttpContext context)
2022-06-05 13:33:24.776 +06:00 [INF] Application Starting up
